#ident	"@(#)bkrs:rsintf.d/restores/rsoper/Text.err	1.3"

title="Errors Accessing Pending Restore Requests"

help=OPEN TEXT $INTFBASE/Text.itemhelp "ABSTRACT"

begrow=any
begcol=any
rows=18
columns=77

framemsg=`readfile $INTFBASE/conf.msg`

wrap=FALSE
text="

   The following errors were detected.  If more information is required to
   fulfill the restore request, return to the previous frame, supply the
   requested information and try again.  Otherwise, correct the error and
   try again.

`readfile $ARG1`"

close=`rm -f $ARG1`
close=`rm -f $ERR`

altslks

name=CONT
button=11
action=CLOSE

name=CANCEL
button=14
action=CLEANUP
